# JRE version: OpenJDK Runtime Environment Corretto-11.0.16.9.1 (11.0.16.1+9) (build 11.0.16.1+9-LTS)
# Java VM: OpenJDK 64-Bit Server VM Corretto-11.0.16.9.1 (11.0.16.1+9-LTS, mixed mode, tiered, compressed oops, g1 gc, windows-amd64)
Heap:
 garbage-first heap   total 401408K, used 203859K [0x0000000080000000, 0x0000000100000000)
  region size 1024K, 2 young (2048K), 2 survivors (2048K)
 Metaspace       used 177447K, capacity 181630K, committed 181968K, reserved 1208320K
  class space    used 21973K, capacity 23530K, committed 23680K, reserved 1048576K
GC Heap History (20 events):
Event: 238.793 GC heap after
{Heap after GC invocations=133 (full 0):
 garbage-first heap   total 333824K, used 183746K [0x0000000080000000, 0x0000000100000000)
  region size 1024K, 1 young (1024K), 1 survivors (1024K)
 Metaspace       used 175708K, capacity 179714K, committed 180560K, reserved 1206272K
  class space    used 21758K, capacity 23222K, committed 23552K, reserved 1048576K
}
Event: 239.297 GC heap before
{Heap before GC invocations=133 (full 0):
 garbage-first heap   total 333824K, used 258498K [0x0000000080000000, 0x0000000100000000)
  region size 1024K, 74 young (75776K), 1 survivors (1024K)
 Metaspace       used 175777K, capacity 179814K, committed 180560K, reserved 1206272K
  class space    used 21765K, capacity 23234K, committed 23552K, reserved 1048576K
}
Event: 239.310 GC heap after
{Heap after GC invocations=134 (full 0):
 garbage-first heap   total 333824K, used 183927K [0x0000000080000000, 0x0000000100000000)
  region size 1024K, 1 young (1024K), 1 survivors (1024K)
 Metaspace       used 175777K, capacity 179814K, committed 180560K, reserved 1206272K
  class space    used 21765K, capacity 23234K, committed 23552K, reserved 1048576K
}
Event: 239.938 GC heap before
{Heap before GC invocations=134 (full 0):
 garbage-first heap   total 333824K, used 262775K [0x0000000080000000, 0x0000000100000000)
  region size 1024K, 78 young (79872K), 1 survivors (1024K)
 Metaspace       used 176727K, capacity 180888K, committed 181328K, reserved 1208320K
  class space    used 21888K, capacity 23419K, committed 23552K, reserved 1048576K
}
Event: 239.952 GC heap after
{Heap after GC invocations=135 (full 0):
 garbage-first heap   total 333824K, used 184904K [0x0000000080000000, 0x0000000100000000)
  region size 1024K, 2 young (2048K), 2 survivors (2048K)
 Metaspace       used 176727K, capacity 180888K, committed 181328K, reserved 1208320K
  class space    used 21888K, capacity 23419K, committed 23552K, reserved 1048576K
}
Event: 240.520 GC heap before
{Heap before GC invocations=135 (full 0):
 garbage-first heap   total 333824K, used 265800K [0x0000000080000000, 0x0000000100000000)
  region size 1024K, 82 young (83968K), 2 survivors (2048K)
 Metaspace       used 177279K, capacity 181477K, committed 181712K, reserved 1208320K
  class space    used 21959K, capacity 23524K, committed 23680K, reserved 1048576K
}
Event: 240.526 GC heap after
{Heap after GC invocations=136 (full 0):
 garbage-first heap   total 333824K, used 184655K [0x0000000080000000, 0x0000000100000000)
  region size 1024K, 2 young (2048K), 2 survivors (2048K)
 Metaspace       used 177279K, capacity 181477K, committed 181712K, reserved 1208320K
  class space    used 21959K, capacity 23524K, committed 23680K, reserved 1048576K
}
Event: 240.986 GC heap before
{Heap before GC invocations=136 (full 0):
 garbage-first heap   total 333824K, used 267599K [0x0000000080000000, 0x0000000100000000)
  region size 1024K, 84 young (86016K), 2 survivors (2048K)
 Metaspace       used 177299K, capacity 181479K, committed 181712K, reserved 1208320K
  class space    used 21959K, capacity 23524K, committed 23680K, reserved 1048576K
}
Event: 240.993 GC heap after
{Heap after GC invocations=137 (full 0):
 garbage-first heap   total 333824K, used 186649K [0x0000000080000000, 0x0000000100000000)
  region size 1024K, 4 young (4096K), 4 survivors (4096K)
 Metaspace       used 177299K, capacity 181479K, committed 181712K, reserved 1208320K
  class space    used 21959K, capacity 23524K, committed 23680K, reserved 1048576K
}
Event: 241.458 GC heap before
{Heap before GC invocations=137 (full 0):
 garbage-first heap   total 333824K, used 270617K [0x0000000080000000, 0x0000000100000000)
  region size 1024K, 87 young (89088K), 4 survivors (4096K)
 Metaspace       used 177350K, capacity 181559K, committed 181712K, reserved 1208320K
  class space    used 21964K, capacity 23529K, committed 23680K, reserved 1048576K
}
Event: 241.472 GC heap after
{Heap after GC invocations=138 (full 0):
 garbage-first heap   total 333824K, used 193055K [0x0000000080000000, 0x0000000100000000)
  region size 1024K, 10 young (10240K), 10 survivors (10240K)
 Metaspace       used 177350K, capacity 181559K, committed 181712K, reserved 1208320K
  class space    used 21964K, capacity 23529K, committed 23680K, reserved 1048576K
}
Event: 241.920 GC heap before
{Heap before GC invocations=138 (full 0):
 garbage-first heap   total 333824K, used 275999K [0x0000000080000000, 0x0000000100000000)
  region size 1024K, 91 young (93184K), 10 survivors (10240K)
 Metaspace       used 177371K, capacity 181561K, committed 181712K, reserved 1208320K
  class space    used 21964K, capacity 23529K, committed 23680K, reserved 1048576K
}
Event: 241.947 GC heap after
{Heap after GC invocations=139 (full 0):
 garbage-first heap   total 333824K, used 198276K [0x0000000080000000, 0x0000000100000000)
  region size 1024K, 8 young (8192K), 8 survivors (8192K)
 Metaspace       used 177371K, capacity 181561K, committed 181712K, reserved 1208320K
  class space    used 21964K, capacity 23529K, committed 23680K, reserved 1048576K
}
Event: 242.395 GC heap before
{Heap before GC invocations=139 (full 0):
 garbage-first heap   total 333824K, used 277124K [0x0000000080000000, 0x0000000100000000)
  region size 1024K, 85 young (87040K), 8 survivors (8192K)
 Metaspace       used 177385K, capacity 181562K, committed 181968K, reserved 1208320K
  class space    used 21964K, capacity 23529K, committed 23680K, reserved 1048576K
}
Event: 242.413 GC heap after
{Heap after GC invocations=140 (full 0):
 garbage-first heap   total 333824K, used 202530K [0x0000000080000000, 0x0000000100000000)
  region size 1024K, 5 young (5120K), 5 survivors (5120K)
 Metaspace       used 177385K, capacity 181562K, committed 181968K, reserved 1208320K
  class space    used 21964K, capacity 23529K, committed 23680K, reserved 1048576K
}
Event: 242.850 GC heap before
{Heap before GC invocations=140 (full 0):
 garbage-first heap   total 333824K, used 281378K [0x0000000080000000, 0x0000000100000000)
  region size 1024K, 82 young (83968K), 5 survivors (5120K)
 Metaspace       used 177411K, capacity 181629K, committed 181968K, reserved 1208320K
  class space    used 21971K, capacity 23530K, committed 23680K, reserved 1048576K
}
Event: 242.862 GC heap after
{Heap after GC invocations=141 (full 0):
 garbage-first heap   total 333824K, used 204067K [0x0000000080000000, 0x0000000100000000)
  region size 1024K, 7 young (7168K), 7 survivors (7168K)
 Metaspace       used 177411K, capacity 181629K, committed 181968K, reserved 1208320K
  class space    used 21971K, capacity 23530K, committed 23680K, reserved 1048576K
}
Event: 243.269 GC heap before
{Heap before GC invocations=141 (full 0):
 garbage-first heap   total 333824K, used 282915K [0x0000000080000000, 0x0000000100000000)
  region size 1024K, 84 young (86016K), 7 survivors (7168K)
 Metaspace       used 177429K, capacity 181630K, committed 181968K, reserved 1208320K
  class space    used 21971K, capacity 23530K, committed 23680K, reserved 1048576K
}
Event: 243.281 GC heap after
{Heap after GC invocations=142 (full 0):
 garbage-first heap   total 333824K, used 204344K [0x0000000080000000, 0x0000000100000000)
  region size 1024K, 3 young (3072K), 3 survivors (3072K)
 Metaspace       used 177429K, capacity 181630K, committed 181968K, reserved 1208320K
  class space    used 21971K, capacity 23530K, committed 23680K, reserved 1048576K
}
Event: 243.704 GC heap before
{Heap before GC invocations=142 (full 0):
 garbage-first heap   total 333824K, used 283192K [0x0000000080000000, 0x0000000100000000)
  region size 1024K, 81 young (82944K), 3 survivors (3072K)
 Metaspace       used 177447K, capacity 181630K, committed 181968K, reserved 1208320K
  class space    used 21973K, capacity 23530K, committed 23680K, reserved 1048576K
}

